<?xml version="1.0" encoding="UTF-8"?>
<testng-results ignored="0" total="1" passed="1" failed="0" skipped="0">
  <reporter-output>
  </reporter-output>
  <suite started-at="2024-01-08T16:23:17 IST" name="Suite" finished-at="2024-01-08T16:23:32 IST" duration-ms="14967">
    <groups>
    </groups>
    <test started-at="2024-01-08T16:23:17 IST" name="Test" finished-at="2024-01-08T16:23:32 IST" duration-ms="14967">
      <class name="NewTest">
        <test-method is-config="true" signature="beforeTest()[pri:0, instance:NewTest@4681c175]" started-at="2024-01-08T16:23:17 IST" name="beforeTest" finished-at="2024-01-08T16:23:23 IST" duration-ms="6139" status="PASS">
          <reporter-output>
          </reporter-output>
        </test-method> <!-- beforeTest -->
        <test-method signature="testEasy()[pri:0, instance:NewTest@4681c175]" started-at="2024-01-08T16:23:23 IST" name="testEasy" finished-at="2024-01-08T16:23:30 IST" duration-ms="6710" status="PASS">
          <reporter-output>
          </reporter-output>
        </test-method> <!-- testEasy -->
        <test-method is-config="true" signature="afterTest()[pri:0, instance:NewTest@4681c175]" started-at="2024-01-08T16:23:30 IST" name="afterTest" finished-at="2024-01-08T16:23:32 IST" duration-ms="2039" status="PASS">
          <reporter-output>
          </reporter-output>
        </test-method> <!-- afterTest -->
      </class> <!-- NewTest -->
    </test> <!-- Test -->
  </suite> <!-- Suite -->
</testng-results>
